# JRE version: OpenJDK Runtime Environment (8.0_242-b01) (build 1.8.0_242-release-1644-b01)
# Java VM: OpenJDK 64-Bit Server VM (25.242-b01 mixed mode windows-amd64 compressed oops)
Heap:
 PSYoungGen      total 83968K, used 1456K [0x00000000d6000000, 0x00000000ddd80000, 0x0000000100000000)
  eden space 67584K, 2% used [0x00000000d6000000,0x00000000d616c270,0x00000000da200000)
  from space 16384K, 0% used [0x00000000db200000,0x00000000db200000,0x00000000dc200000)
  to   space 16384K, 0% used [0x00000000da200000,0x00000000da200000,0x00000000db200000)
 ParOldGen       total 66560K, used 16595K [0x0000000082000000, 0x0000000086100000, 0x00000000d6000000)
  object space 66560K, 24% used [0x0000000082000000,0x0000000083034e08,0x0000000086100000)
 Metaspace       used 34647K, capacity 35302K, committed 35752K, reserved 1081344K
  class space    used 4413K, capacity 4586K, committed 4656K, reserved 1048576K
GC Heap History (10 events):
Event: 1.191 GC heap before
{Heap before GC invocations=4 (full 1):
 PSYoungGen      total 37888K, used 5111K [0x00000000d6000000, 0x00000000daa00000, 0x0000000100000000)
  eden space 32768K, 0% used [0x00000000d6000000,0x00000000d6000000,0x00000000d8000000)
  from space 5120K, 99% used [0x00000000d8000000,0x00000000d84fddf8,0x00000000d8500000)
  to   space 5120K, 0% used [0x00000000da500000,0x00000000da500000,0x00000000daa00000)
 ParOldGen       total 86016K, used 11966K [0x0000000082000000, 0x0000000087400000, 0x00000000d6000000)
  object space 86016K, 13% used [0x0000000082000000,0x0000000082baf900,0x0000000087400000)
 Metaspace       used 20830K, capacity 21240K, committed 21296K, reserved 1069056K
  class space    used 2458K, capacity 2590K, committed 2608K, reserved 1048576K
Event: 1.216 GC heap after
Heap after GC invocations=4 (full 1):
 PSYoungGen      total 37888K, used 0K [0x00000000d6000000, 0x00000000daa00000, 0x0000000100000000)
  eden space 32768K, 0% used [0x00000000d6000000,0x00000000d6000000,0x00000000d8000000)
  from space 5120K, 0% used [0x00000000d8000000,0x00000000d8000000,0x00000000d8500000)
  to   space 5120K, 0% used [0x00000000da500000,0x00000000da500000,0x00000000daa00000)
 ParOldGen       total 66560K, used 9495K [0x0000000082000000, 0x0000000086100000, 0x00000000d6000000)
  object space 66560K, 14% used [0x0000000082000000,0x0000000082945c30,0x0000000086100000)
 Metaspace       used 20830K, capacity 21240K, committed 21296K, reserved 1069056K
  class space    used 2458K, capacity 2590K, committed 2608K, reserved 1048576K
}
Event: 1.655 GC heap before
{Heap before GC invocations=5 (full 1):
 PSYoungGen      total 37888K, used 32768K [0x00000000d6000000, 0x00000000daa00000, 0x0000000100000000)
  eden space 32768K, 100% used [0x00000000d6000000,0x00000000d8000000,0x00000000d8000000)
  from space 5120K, 0% used [0x00000000d8000000,0x00000000d8000000,0x00000000d8500000)
  to   space 5120K, 0% used [0x00000000da500000,0x00000000da500000,0x00000000daa00000)
 ParOldGen       total 66560K, used 9495K [0x0000000082000000, 0x0000000086100000, 0x00000000d6000000)
  object space 66560K, 14% used [0x0000000082000000,0x0000000082945c30,0x0000000086100000)
 Metaspace       used 24189K, capacity 24694K, committed 24880K, reserved 1071104K
  class space    used 2903K, capacity 3029K, committed 3120K, reserved 1048576K
Event: 1.660 GC heap after
Heap after GC invocations=5 (full 1):
 PSYoungGen      total 52224K, used 5102K [0x00000000d6000000, 0x00000000daa00000, 0x0000000100000000)
  eden space 47104K, 0% used [0x00000000d6000000,0x00000000d6000000,0x00000000d8e00000)
  from space 5120K, 99% used [0x00000000da500000,0x00000000da9fba80,0x00000000daa00000)
  to   space 5120K, 0% used [0x00000000da000000,0x00000000da000000,0x00000000da500000)
 ParOldGen       total 66560K, used 11601K [0x0000000082000000, 0x0000000086100000, 0x00000000d6000000)
  object space 66560K, 17% used [0x0000000082000000,0x0000000082b546e0,0x0000000086100000)
 Metaspace       used 24189K, capacity 24694K, committed 24880K, reserved 1071104K
  class space    used 2903K, capacity 3029K, committed 3120K, reserved 1048576K
}
Event: 2.236 GC heap before
{Heap before GC invocations=6 (full 1):
 PSYoungGen      total 52224K, used 52206K [0x00000000d6000000, 0x00000000daa00000, 0x0000000100000000)
  eden space 47104K, 100% used [0x00000000d6000000,0x00000000d8e00000,0x00000000d8e00000)
  from space 5120K, 99% used [0x00000000da500000,0x00000000da9fba80,0x00000000daa00000)
  to   space 5120K, 0% used [0x00000000da000000,0x00000000da000000,0x00000000da500000)
 ParOldGen       total 66560K, used 11601K [0x0000000082000000, 0x0000000086100000, 0x00000000d6000000)
  object space 66560K, 17% used [0x0000000082000000,0x0000000082b546e0,0x0000000086100000)
 Metaspace       used 32411K, capacity 32962K, committed 33328K, reserved 1079296K
  class space    used 4103K, capacity 4284K, committed 4400K, reserved 1048576K
Event: 2.246 GC heap after
Heap after GC invocations=6 (full 1):
 PSYoungGen      total 70656K, used 5091K [0x00000000d6000000, 0x00000000dc200000, 0x0000000100000000)
  eden space 65536K, 0% used [0x00000000d6000000,0x00000000d6000000,0x00000000da000000)
  from space 5120K, 99% used [0x00000000da000000,0x00000000da4f8c70,0x00000000da500000)
  to   space 16384K, 0% used [0x00000000db200000,0x00000000db200000,0x00000000dc200000)
 ParOldGen       total 66560K, used 23444K [0x0000000082000000, 0x0000000086100000, 0x00000000d6000000)
  object space 66560K, 35% used [0x0000000082000000,0x00000000836e5398,0x0000000086100000)
 Metaspace       used 32411K, capacity 32962K, committed 33328K, reserved 1079296K
  class space    used 4103K, capacity 4284K, committed 4400K, reserved 1048576K
}
Event: 2.489 GC heap before
{Heap before GC invocations=7 (full 1):
 PSYoungGen      total 70656K, used 14276K [0x00000000d6000000, 0x00000000dc200000, 0x0000000100000000)
  eden space 65536K, 14% used [0x00000000d6000000,0x00000000d68f8620,0x00000000da000000)
  from space 5120K, 99% used [0x00000000da000000,0x00000000da4f8c70,0x00000000da500000)
  to   space 16384K, 0% used [0x00000000db200000,0x00000000db200000,0x00000000dc200000)
 ParOldGen       total 66560K, used 23444K [0x0000000082000000, 0x0000000086100000, 0x00000000d6000000)
  object space 66560K, 35% used [0x0000000082000000,0x00000000836e5398,0x0000000086100000)
 Metaspace       used 34643K, capacity 35232K, committed 35496K, reserved 1081344K
  class space    used 4413K, capacity 4585K, committed 4656K, reserved 1048576K
Event: 2.495 GC heap after
Heap after GC invocations=7 (full 1):
 PSYoungGen      total 83968K, used 7590K [0x00000000d6000000, 0x00000000ddd80000, 0x0000000100000000)
  eden space 67584K, 0% used [0x00000000d6000000,0x00000000d6000000,0x00000000da200000)
  from space 16384K, 46% used [0x00000000db200000,0x00000000db969988,0x00000000dc200000)
  to   space 16384K, 0% used [0x00000000da200000,0x00000000da200000,0x00000000db200000)
 ParOldGen       total 66560K, used 23452K [0x0000000082000000, 0x0000000086100000, 0x00000000d6000000)
  object space 66560K, 35% used [0x0000000082000000,0x00000000836e7398,0x0000000086100000)
 Metaspace       used 34643K, capacity 35232K, committed 35496K, reserved 1081344K
  class space    used 4413K, capacity 4585K, committed 4656K, reserved 1048576K
}
Event: 2.495 GC heap before
{Heap before GC invocations=8 (full 2):
 PSYoungGen      total 83968K, used 7590K [0x00000000d6000000, 0x00000000ddd80000, 0x0000000100000000)
  eden space 67584K, 0% used [0x00000000d6000000,0x00000000d6000000,0x00000000da200000)
  from space 16384K, 46% used [0x00000000db200000,0x00000000db969988,0x00000000dc200000)
  to   space 16384K, 0% used [0x00000000da200000,0x00000000da200000,0x00000000db200000)
 ParOldGen       total 66560K, used 23452K [0x0000000082000000, 0x0000000086100000, 0x00000000d6000000)
  object space 66560K, 35% used [0x0000000082000000,0x00000000836e7398,0x0000000086100000)
 Metaspace       used 34643K, capacity 35232K, committed 35496K, reserved 1081344K
  class space    used 4413K, capacity 4585K, committed 4656K, reserved 1048576K
Event: 2.545 GC heap after
Heap after GC invocations=8 (full 2):
 PSYoungGen      total 83968K, used 0K [0x00000000d6000000, 0x00000000ddd80000, 0x0000000100000000)
  eden space 67584K, 0% used [0x00000000d6000000,0x00000000d6000000,0x00000000da200000)
  from space 16384K, 0% used [0x00000000db200000,0x00000000db200000,0x00000000dc200000)
  to   space 16384K, 0% used [0x00000000da200000,0x00000000da200000,0x00000000db200000)
 ParOldGen       total 66560K, used 16595K [0x0000000082000000, 0x0000000086100000, 0x00000000d6000000)
  object space 66560K, 24% used [0x0000000082000000,0x0000000083034e08,0x0000000086100000)
 Metaspace       used 34643K, capacity 35232K, committed 35496K, reserved 1081344K
  class space    used 4413K, capacity 4585K, committed 4656K, reserved 1048576K
}

