# JRE version: OpenJDK Runtime Environment (8.0_242-b01) (build 1.8.0_242-release-1644-b01)
# Java VM: OpenJDK 64-Bit Server VM (25.242-b01 mixed mode windows-amd64 compressed oops)
Heap:
 PSYoungGen      total 136192K, used 4440K [0x00000000d6000000, 0x00000000e0c00000, 0x0000000100000000)
  eden space 131072K, 3% used [0x00000000d6000000,0x00000000d6456290,0x00000000de000000)
  from space 5120K, 0% used [0x00000000de000000,0x00000000de000000,0x00000000de500000)
  to   space 15872K, 0% used [0x00000000dfc80000,0x00000000dfc80000,0x00000000e0c00000)
 ParOldGen       total 65024K, used 19382K [0x0000000082000000, 0x0000000085f80000, 0x00000000d6000000)
  object space 65024K, 29% used [0x0000000082000000,0x00000000832eda60,0x0000000085f80000)
 Metaspace       used 35016K, capacity 35534K, committed 35752K, reserved 1081344K
  class space    used 4454K, capacity 4620K, committed 4656K, reserved 1048576K
GC Heap History (10 events):
Event: 1.139 GC heap before
{Heap before GC invocations=3 (full 0):
 PSYoungGen      total 70656K, used 25164K [0x00000000d6000000, 0x00000000daa00000, 0x0000000100000000)
  eden space 65536K, 30% used [0x00000000d6000000,0x00000000d739a968,0x00000000da000000)
  from space 5120K, 99% used [0x00000000da500000,0x00000000da9f8800,0x00000000daa00000)
  to   space 5120K, 0% used [0x00000000da000000,0x00000000da000000,0x00000000da500000)
 ParOldGen       total 86016K, used 7338K [0x0000000082000000, 0x0000000087400000, 0x00000000d6000000)
  object space 86016K, 8% used [0x0000000082000000,0x000000008272a900,0x0000000087400000)
 Metaspace       used 20820K, capacity 21244K, committed 21296K, reserved 1069056K
  class space    used 2466K, capacity 2592K, committed 2608K, reserved 1048576K
Event: 1.146 GC heap after
Heap after GC invocations=3 (full 0):
 PSYoungGen      total 70656K, used 5111K [0x00000000d6000000, 0x00000000dea00000, 0x0000000100000000)
  eden space 65536K, 0% used [0x00000000d6000000,0x00000000d6000000,0x00000000da000000)
  from space 5120K, 99% used [0x00000000da000000,0x00000000da4fde70,0x00000000da500000)
  to   space 5120K, 0% used [0x00000000de500000,0x00000000de500000,0x00000000dea00000)
 ParOldGen       total 86016K, used 11849K [0x0000000082000000, 0x0000000087400000, 0x00000000d6000000)
  object space 86016K, 13% used [0x0000000082000000,0x0000000082b925f8,0x0000000087400000)
 Metaspace       used 20820K, capacity 21244K, committed 21296K, reserved 1069056K
  class space    used 2466K, capacity 2592K, committed 2608K, reserved 1048576K
}
Event: 1.146 GC heap before
{Heap before GC invocations=4 (full 1):
 PSYoungGen      total 70656K, used 5111K [0x00000000d6000000, 0x00000000dea00000, 0x0000000100000000)
  eden space 65536K, 0% used [0x00000000d6000000,0x00000000d6000000,0x00000000da000000)
  from space 5120K, 99% used [0x00000000da000000,0x00000000da4fde70,0x00000000da500000)
  to   space 5120K, 0% used [0x00000000de500000,0x00000000de500000,0x00000000dea00000)
 ParOldGen       total 86016K, used 11849K [0x0000000082000000, 0x0000000087400000, 0x00000000d6000000)
  object space 86016K, 13% used [0x0000000082000000,0x0000000082b925f8,0x0000000087400000)
 Metaspace       used 20820K, capacity 21244K, committed 21296K, reserved 1069056K
  class space    used 2466K, capacity 2592K, committed 2608K, reserved 1048576K
Event: 1.169 GC heap after
Heap after GC invocations=4 (full 1):
 PSYoungGen      total 70656K, used 0K [0x00000000d6000000, 0x00000000dea00000, 0x0000000100000000)
  eden space 65536K, 0% used [0x00000000d6000000,0x00000000d6000000,0x00000000da000000)
  from space 5120K, 0% used [0x00000000da000000,0x00000000da000000,0x00000000da500000)
  to   space 5120K, 0% used [0x00000000de500000,0x00000000de500000,0x00000000dea00000)
 ParOldGen       total 65024K, used 9482K [0x0000000082000000, 0x0000000085f80000, 0x00000000d6000000)
  object space 65024K, 14% used [0x0000000082000000,0x0000000082942898,0x0000000085f80000)
 Metaspace       used 20820K, capacity 21244K, committed 21296K, reserved 1069056K
  class space    used 2466K, capacity 2592K, committed 2608K, reserved 1048576K
}
Event: 2.015 GC heap before
{Heap before GC invocations=5 (full 1):
 PSYoungGen      total 70656K, used 65536K [0x00000000d6000000, 0x00000000dea00000, 0x0000000100000000)
  eden space 65536K, 100% used [0x00000000d6000000,0x00000000da000000,0x00000000da000000)
  from space 5120K, 0% used [0x00000000da000000,0x00000000da000000,0x00000000da500000)
  to   space 5120K, 0% used [0x00000000de500000,0x00000000de500000,0x00000000dea00000)
 ParOldGen       total 65024K, used 9482K [0x0000000082000000, 0x0000000085f80000, 0x00000000d6000000)
  object space 65024K, 14% used [0x0000000082000000,0x0000000082942898,0x0000000085f80000)
 Metaspace       used 29627K, capacity 30165K, committed 30384K, reserved 1075200K
  class space    used 3592K, capacity 3738K, committed 3760K, reserved 1048576K
Event: 2.026 GC heap after
Heap after GC invocations=5 (full 1):
 PSYoungGen      total 101888K, used 5091K [0x00000000d6000000, 0x00000000dea00000, 0x0000000100000000)
  eden space 96768K, 0% used [0x00000000d6000000,0x00000000d6000000,0x00000000dbe80000)
  from space 5120K, 99% used [0x00000000de500000,0x00000000de9f8c70,0x00000000dea00000)
  to   space 5120K, 0% used [0x00000000de000000,0x00000000de000000,0x00000000de500000)
 ParOldGen       total 65024K, used 20203K [0x0000000082000000, 0x0000000085f80000, 0x00000000d6000000)
  object space 65024K, 31% used [0x0000000082000000,0x00000000833baf98,0x0000000085f80000)
 Metaspace       used 29627K, capacity 30165K, committed 30384K, reserved 1075200K
  class space    used 3592K, capacity 3738K, committed 3760K, reserved 1048576K
}
Event: 2.356 GC heap before
{Heap before GC invocations=6 (full 1):
 PSYoungGen      total 101888K, used 32159K [0x00000000d6000000, 0x00000000dea00000, 0x0000000100000000)
  eden space 96768K, 27% used [0x00000000d6000000,0x00000000d7a6f240,0x00000000dbe80000)
  from space 5120K, 99% used [0x00000000de500000,0x00000000de9f8c70,0x00000000dea00000)
  to   space 5120K, 0% used [0x00000000de000000,0x00000000de000000,0x00000000de500000)
 ParOldGen       total 65024K, used 20203K [0x0000000082000000, 0x0000000085f80000, 0x00000000d6000000)
  object space 65024K, 31% used [0x0000000082000000,0x00000000833baf98,0x0000000085f80000)
 Metaspace       used 34717K, capacity 35224K, committed 35496K, reserved 1081344K
  class space    used 4428K, capacity 4585K, committed 4656K, reserved 1048576K
Event: 2.363 GC heap after
Heap after GC invocations=6 (full 1):
 PSYoungGen      total 136192K, used 5100K [0x00000000d6000000, 0x00000000e0c00000, 0x0000000100000000)
  eden space 131072K, 0% used [0x00000000d6000000,0x00000000d6000000,0x00000000de000000)
  from space 5120K, 99% used [0x00000000de000000,0x00000000de4fb120,0x00000000de500000)
  to   space 15872K, 0% used [0x00000000dfc80000,0x00000000dfc80000,0x00000000e0c00000)
 ParOldGen       total 65024K, used 26737K [0x0000000082000000, 0x0000000085f80000, 0x00000000d6000000)
  object space 65024K, 41% used [0x0000000082000000,0x0000000083a1c550,0x0000000085f80000)
 Metaspace       used 34717K, capacity 35224K, committed 35496K, reserved 1081344K
  class space    used 4428K, capacity 4585K, committed 4656K, reserved 1048576K
}
Event: 2.363 GC heap before
{Heap before GC invocations=7 (full 2):
 PSYoungGen      total 136192K, used 5100K [0x00000000d6000000, 0x00000000e0c00000, 0x0000000100000000)
  eden space 131072K, 0% used [0x00000000d6000000,0x00000000d6000000,0x00000000de000000)
  from space 5120K, 99% used [0x00000000de000000,0x00000000de4fb120,0x00000000de500000)
  to   space 15872K, 0% used [0x00000000dfc80000,0x00000000dfc80000,0x00000000e0c00000)
 ParOldGen       total 65024K, used 26737K [0x0000000082000000, 0x0000000085f80000, 0x00000000d6000000)
  object space 65024K, 41% used [0x0000000082000000,0x0000000083a1c550,0x0000000085f80000)
 Metaspace       used 34717K, capacity 35224K, committed 35496K, reserved 1081344K
  class space    used 4428K, capacity 4585K, committed 4656K, reserved 1048576K
Event: 2.412 GC heap after
Heap after GC invocations=7 (full 2):
 PSYoungGen      total 136192K, used 0K [0x00000000d6000000, 0x00000000e0c00000, 0x0000000100000000)
  eden space 131072K, 0% used [0x00000000d6000000,0x00000000d6000000,0x00000000de000000)
  from space 5120K, 0% used [0x00000000de000000,0x00000000de000000,0x00000000de500000)
  to   space 15872K, 0% used [0x00000000dfc80000,0x00000000dfc80000,0x00000000e0c00000)
 ParOldGen       total 65024K, used 19382K [0x0000000082000000, 0x0000000085f80000, 0x00000000d6000000)
  object space 65024K, 29% used [0x0000000082000000,0x00000000832eda60,0x0000000085f80000)
 Metaspace       used 34717K, capacity 35224K, committed 35496K, reserved 1081344K
  class space    used 4428K, capacity 4585K, committed 4656K, reserved 1048576K
}

