# JRE version: OpenJDK Runtime Environment (8.0_242-b01) (build 1.8.0_242-release-1644-b01)
# Java VM: OpenJDK 64-Bit Server VM (25.242-b01 mixed mode windows-amd64 compressed oops)
Heap:
 PSYoungGen      total 538624K, used 223808K [0x00000000d5580000, 0x00000000fd780000, 0x0000000100000000)
  eden space 470016K, 33% used [0x00000000d5580000,0x00000000ded11b40,0x00000000f2080000)
  from space 68608K, 99% used [0x00000000f4d00000,0x00000000f8ffe598,0x00000000f9000000)
  to   space 73216K, 0% used [0x00000000f9000000,0x00000000f9000000,0x00000000fd780000)
 ParOldGen       total 335872K, used 183594K [0x0000000080000000, 0x0000000094800000, 0x00000000d5580000)
  object space 335872K, 54% used [0x0000000080000000,0x000000008b34a840,0x0000000094800000)
 Metaspace       used 133552K, capacity 141836K, committed 141976K, reserved 1173504K
  class space    used 16936K, capacity 18508K, committed 18608K, reserved 1048576K
GC Heap History (10 events):
Event: 150.143 GC heap before
{Heap before GC invocations=32 (full 5):
 PSYoungGen      total 535040K, used 489673K [0x00000000d5580000, 0x00000000fbb80000, 0x0000000100000000)
  eden space 462848K, 100% used [0x00000000d5580000,0x00000000f1980000,0x00000000f1980000)
  from space 72192K, 37% used [0x00000000f7500000,0x00000000f8f32658,0x00000000fbb80000)
  to   space 82944K, 0% used [0x00000000f1980000,0x00000000f1980000,0x00000000f6a80000)
 ParOldGen       total 335872K, used 143653K [0x0000000080000000, 0x0000000094800000, 0x00000000d5580000)
  object space 335872K, 42% used [0x0000000080000000,0x0000000088c49540,0x0000000094800000)
 Metaspace       used 117516K, capacity 123586K, committed 124056K, reserved 1157120K
  class space    used 15187K, capacity 16390K, committed 16560K, reserved 1048576K
Event: 150.170 GC heap after
Heap after GC invocations=32 (full 5):
 PSYoungGen      total 545792K, used 27846K [0x00000000d5580000, 0x00000000fe780000, 0x0000000100000000)
  eden space 462848K, 0% used [0x00000000d5580000,0x00000000d5580000,0x00000000f1980000)
  from space 82944K, 33% used [0x00000000f1980000,0x00000000f34b1b18,0x00000000f6a80000)
  to   space 78336K, 0% used [0x00000000f9b00000,0x00000000f9b00000,0x00000000fe780000)
 ParOldGen       total 335872K, used 143661K [0x0000000080000000, 0x0000000094800000, 0x00000000d5580000)
  object space 335872K, 42% used [0x0000000080000000,0x0000000088c4b540,0x0000000094800000)
 Metaspace       used 117516K, capacity 123586K, committed 124056K, reserved 1157120K
  class space    used 15187K, capacity 16390K, committed 16560K, reserved 1048576K
}
Event: 255.251 GC heap before
{Heap before GC invocations=33 (full 5):
 PSYoungGen      total 545792K, used 490694K [0x00000000d5580000, 0x00000000fe780000, 0x0000000100000000)
  eden space 462848K, 100% used [0x00000000d5580000,0x00000000f1980000,0x00000000f1980000)
  from space 82944K, 33% used [0x00000000f1980000,0x00000000f34b1b18,0x00000000f6a80000)
  to   space 78336K, 0% used [0x00000000f9b00000,0x00000000f9b00000,0x00000000fe780000)
 ParOldGen       total 335872K, used 143661K [0x0000000080000000, 0x0000000094800000, 0x00000000d5580000)
  object space 335872K, 42% used [0x0000000080000000,0x0000000088c4b540,0x0000000094800000)
 Metaspace       used 127072K, capacity 133624K, committed 133784K, reserved 1165312K
  class space    used 16231K, capacity 17509K, committed 17584K, reserved 1048576K
Event: 255.285 GC heap after
Heap after GC invocations=33 (full 5):
 PSYoungGen      total 571904K, used 36591K [0x00000000d5580000, 0x00000000fd980000, 0x0000000100000000)
  eden space 507904K, 0% used [0x00000000d5580000,0x00000000d5580000,0x00000000f4580000)
  from space 64000K, 57% used [0x00000000f9b00000,0x00000000fbebbdd8,0x00000000fd980000)
  to   space 75776K, 0% used [0x00000000f4580000,0x00000000f4580000,0x00000000f8f80000)
 ParOldGen       total 335872K, used 143669K [0x0000000080000000, 0x0000000094800000, 0x00000000d5580000)
  object space 335872K, 42% used [0x0000000080000000,0x0000000088c4d540,0x0000000094800000)
 Metaspace       used 127072K, capacity 133624K, committed 133784K, reserved 1165312K
  class space    used 16231K, capacity 17509K, committed 17584K, reserved 1048576K
}
Event: 755.497 GC heap before
{Heap before GC invocations=34 (full 5):
 PSYoungGen      total 571904K, used 544495K [0x00000000d5580000, 0x00000000fd980000, 0x0000000100000000)
  eden space 507904K, 100% used [0x00000000d5580000,0x00000000f4580000,0x00000000f4580000)
  from space 64000K, 57% used [0x00000000f9b00000,0x00000000fbebbdd8,0x00000000fd980000)
  to   space 75776K, 0% used [0x00000000f4580000,0x00000000f4580000,0x00000000f8f80000)
 ParOldGen       total 335872K, used 143669K [0x0000000080000000, 0x0000000094800000, 0x00000000d5580000)
  object space 335872K, 42% used [0x0000000080000000,0x0000000088c4d540,0x0000000094800000)
 Metaspace       used 132187K, capacity 139606K, committed 139928K, reserved 1171456K
  class space    used 16807K, capacity 18244K, committed 18352K, reserved 1048576K
Event: 755.525 GC heap after
Heap after GC invocations=34 (full 5):
 PSYoungGen      total 583680K, used 33250K [0x00000000d5580000, 0x00000000ffa00000, 0x0000000100000000)
  eden space 507904K, 0% used [0x00000000d5580000,0x00000000d5580000,0x00000000f4580000)
  from space 75776K, 43% used [0x00000000f4580000,0x00000000f65f8838,0x00000000f8f80000)
  to   space 72192K, 0% used [0x00000000fb380000,0x00000000fb380000,0x00000000ffa00000)
 ParOldGen       total 335872K, used 143685K [0x0000000080000000, 0x0000000094800000, 0x00000000d5580000)
  object space 335872K, 42% used [0x0000000080000000,0x0000000088c51540,0x0000000094800000)
 Metaspace       used 132187K, capacity 139606K, committed 139928K, reserved 1171456K
  class space    used 16807K, capacity 18244K, committed 18352K, reserved 1048576K
}
Event: 1393.027 GC heap before
{Heap before GC invocations=35 (full 5):
 PSYoungGen      total 583680K, used 541154K [0x00000000d5580000, 0x00000000ffa00000, 0x0000000100000000)
  eden space 507904K, 100% used [0x00000000d5580000,0x00000000f4580000,0x00000000f4580000)
  from space 75776K, 43% used [0x00000000f4580000,0x00000000f65f8838,0x00000000f8f80000)
  to   space 72192K, 0% used [0x00000000fb380000,0x00000000fb380000,0x00000000ffa00000)
 ParOldGen       total 335872K, used 143685K [0x0000000080000000, 0x0000000094800000, 0x00000000d5580000)
  object space 335872K, 42% used [0x0000000080000000,0x0000000088c51540,0x0000000094800000)
 Metaspace       used 133121K, capacity 140986K, committed 141336K, reserved 1171456K
  class space    used 16881K, capacity 18357K, committed 18480K, reserved 1048576K
Event: 1393.053 GC heap after
Heap after GC invocations=35 (full 5):
 PSYoungGen      total 520704K, used 32118K [0x00000000d5580000, 0x00000000fd300000, 0x0000000100000000)
  eden space 488448K, 0% used [0x00000000d5580000,0x00000000d5580000,0x00000000f3280000)
  from space 32256K, 99% used [0x00000000fb380000,0x00000000fd2dd8b0,0x00000000fd300000)
  to   space 68608K, 0% used [0x00000000f4d00000,0x00000000f4d00000,0x00000000f9000000)
 ParOldGen       total 335872K, used 143693K [0x0000000080000000, 0x0000000094800000, 0x00000000d5580000)
  object space 335872K, 42% used [0x0000000080000000,0x0000000088c53540,0x0000000094800000)
 Metaspace       used 133121K, capacity 140986K, committed 141336K, reserved 1171456K
  class space    used 16881K, capacity 18357K, committed 18480K, reserved 1048576K
}
Event: 1533.254 GC heap before
{Heap before GC invocations=36 (full 5):
 PSYoungGen      total 520704K, used 520315K [0x00000000d5580000, 0x00000000fd300000, 0x0000000100000000)
  eden space 488448K, 99% used [0x00000000d5580000,0x00000000f32416b8,0x00000000f3280000)
  from space 32256K, 99% used [0x00000000fb380000,0x00000000fd2dd8b0,0x00000000fd300000)
  to   space 68608K, 0% used [0x00000000f4d00000,0x00000000f4d00000,0x00000000f9000000)
 ParOldGen       total 335872K, used 143693K [0x0000000080000000, 0x0000000094800000, 0x00000000d5580000)
  object space 335872K, 42% used [0x0000000080000000,0x0000000088c53540,0x0000000094800000)
 Metaspace       used 133517K, capacity 141740K, committed 141976K, reserved 1173504K
  class space    used 16932K, capacity 18502K, committed 18608K, reserved 1048576K
Event: 1533.595 GC heap after
Heap after GC invocations=36 (full 5):
 PSYoungGen      total 538624K, used 68601K [0x00000000d5580000, 0x00000000fd780000, 0x0000000100000000)
  eden space 470016K, 0% used [0x00000000d5580000,0x00000000d5580000,0x00000000f2080000)
  from space 68608K, 99% used [0x00000000f4d00000,0x00000000f8ffe598,0x00000000f9000000)
  to   space 73216K, 0% used [0x00000000f9000000,0x00000000f9000000,0x00000000fd780000)
 ParOldGen       total 335872K, used 183594K [0x0000000080000000, 0x0000000094800000, 0x00000000d5580000)
  object space 335872K, 54% used [0x0000000080000000,0x000000008b34a840,0x0000000094800000)
 Metaspace       used 133517K, capacity 141740K, committed 141976K, reserved 1173504K
  class space    used 16932K, capacity 18502K, committed 18608K, reserved 1048576K
}

