# JRE version: OpenJDK Runtime Environment (8.0_242-b01) (build 1.8.0_242-release-1644-b01)
# Java VM: OpenJDK 64-Bit Server VM (25.242-b01 mixed mode windows-amd64 compressed oops)
Heap:
 PSYoungGen      total 70656K, used 43395K [0x00000000d6000000, 0x00000000daa00000, 0x0000000100000000)
  eden space 65536K, 66% used [0x00000000d6000000,0x00000000d8a60f08,0x00000000da000000)
  from space 5120K, 0% used [0x00000000da000000,0x00000000da000000,0x00000000da500000)
  to   space 5120K, 0% used [0x00000000da500000,0x00000000da500000,0x00000000daa00000)
 ParOldGen       total 66560K, used 9433K [0x0000000082000000, 0x0000000086100000, 0x00000000d6000000)
  object space 66560K, 14% used [0x0000000082000000,0x00000000829364a8,0x0000000086100000)
 Metaspace       used 25675K, capacity 26287K, committed 26544K, reserved 1073152K
  class space    used 3044K, capacity 3193K, committed 3248K, reserved 1048576K
GC Heap History (8 events):
Event: 0.508 GC heap before
{Heap before GC invocations=1 (full 0):
 PSYoungGen      total 37888K, used 32768K [0x00000000d6000000, 0x00000000d8a00000, 0x0000000100000000)
  eden space 32768K, 100% used [0x00000000d6000000,0x00000000d8000000,0x00000000d8000000)
  from space 5120K, 0% used [0x00000000d8500000,0x00000000d8500000,0x00000000d8a00000)
  to   space 5120K, 0% used [0x00000000d8000000,0x00000000d8000000,0x00000000d8500000)
 ParOldGen       total 86016K, used 0K [0x0000000082000000, 0x0000000087400000, 0x00000000d6000000)
  object space 86016K, 0% used [0x0000000082000000,0x0000000082000000,0x0000000087400000)
 Metaspace       used 10024K, capacity 10204K, committed 10368K, reserved 1058816K
  class space    used 1094K, capacity 1148K, committed 1152K, reserved 1048576K
Event: 0.513 GC heap after
Heap after GC invocations=1 (full 0):
 PSYoungGen      total 37888K, used 5112K [0x00000000d6000000, 0x00000000daa00000, 0x0000000100000000)
  eden space 32768K, 0% used [0x00000000d6000000,0x00000000d6000000,0x00000000d8000000)
  from space 5120K, 99% used [0x00000000d8000000,0x00000000d84fe398,0x00000000d8500000)
  to   space 5120K, 0% used [0x00000000da500000,0x00000000da500000,0x00000000daa00000)
 ParOldGen       total 86016K, used 2562K [0x0000000082000000, 0x0000000087400000, 0x00000000d6000000)
  object space 86016K, 2% used [0x0000000082000000,0x0000000082280bd8,0x0000000087400000)
 Metaspace       used 10024K, capacity 10204K, committed 10368K, reserved 1058816K
  class space    used 1094K, capacity 1148K, committed 1152K, reserved 1048576K
}
Event: 0.886 GC heap before
{Heap before GC invocations=2 (full 0):
 PSYoungGen      total 37888K, used 37880K [0x00000000d6000000, 0x00000000daa00000, 0x0000000100000000)
  eden space 32768K, 100% used [0x00000000d6000000,0x00000000d8000000,0x00000000d8000000)
  from space 5120K, 99% used [0x00000000d8000000,0x00000000d84fe398,0x00000000d8500000)
  to   space 5120K, 0% used [0x00000000da500000,0x00000000da500000,0x00000000daa00000)
 ParOldGen       total 86016K, used 2562K [0x0000000082000000, 0x0000000087400000, 0x00000000d6000000)
  object space 86016K, 2% used [0x0000000082000000,0x0000000082280bd8,0x0000000087400000)
 Metaspace       used 15630K, capacity 15974K, committed 16128K, reserved 1062912K
  class space    used 1823K, capacity 1949K, committed 2048K, reserved 1048576K
Event: 0.893 GC heap after
Heap after GC invocations=2 (full 0):
 PSYoungGen      total 70656K, used 5102K [0x00000000d6000000, 0x00000000daa00000, 0x0000000100000000)
  eden space 65536K, 0% used [0x00000000d6000000,0x00000000d6000000,0x00000000da000000)
  from space 5120K, 99% used [0x00000000da500000,0x00000000da9fba80,0x00000000daa00000)
  to   space 5120K, 0% used [0x00000000da000000,0x00000000da000000,0x00000000da500000)
 ParOldGen       total 86016K, used 7422K [0x0000000082000000, 0x0000000087400000, 0x00000000d6000000)
  object space 86016K, 8% used [0x0000000082000000,0x000000008273fb28,0x0000000087400000)
 Metaspace       used 15630K, capacity 15974K, committed 16128K, reserved 1062912K
  class space    used 1823K, capacity 1949K, committed 2048K, reserved 1048576K
}
Event: 1.135 GC heap before
{Heap before GC invocations=3 (full 0):
 PSYoungGen      total 70656K, used 26377K [0x00000000d6000000, 0x00000000daa00000, 0x0000000100000000)
  eden space 65536K, 32% used [0x00000000d6000000,0x00000000d74c6cf8,0x00000000da000000)
  from space 5120K, 99% used [0x00000000da500000,0x00000000da9fba80,0x00000000daa00000)
  to   space 5120K, 0% used [0x00000000da000000,0x00000000da000000,0x00000000da500000)
 ParOldGen       total 86016K, used 7422K [0x0000000082000000, 0x0000000087400000, 0x00000000d6000000)
  object space 86016K, 8% used [0x0000000082000000,0x000000008273fb28,0x0000000087400000)
 Metaspace       used 20855K, capacity 21244K, committed 21296K, reserved 1069056K
  class space    used 2467K, capacity 2592K, committed 2608K, reserved 1048576K
Event: 1.142 GC heap after
Heap after GC invocations=3 (full 0):
 PSYoungGen      total 70656K, used 5104K [0x00000000d6000000, 0x00000000daa00000, 0x0000000100000000)
  eden space 65536K, 0% used [0x00000000d6000000,0x00000000d6000000,0x00000000da000000)
  from space 5120K, 99% used [0x00000000da000000,0x00000000da4fc0f0,0x00000000da500000)
  to   space 5120K, 0% used [0x00000000da500000,0x00000000da500000,0x00000000daa00000)
 ParOldGen       total 86016K, used 11917K [0x0000000082000000, 0x0000000087400000, 0x00000000d6000000)
  object space 86016K, 13% used [0x0000000082000000,0x0000000082ba36c0,0x0000000087400000)
 Metaspace       used 20855K, capacity 21244K, committed 21296K, reserved 1069056K
  class space    used 2467K, capacity 2592K, committed 2608K, reserved 1048576K
}
Event: 1.142 GC heap before
{Heap before GC invocations=4 (full 1):
 PSYoungGen      total 70656K, used 5104K [0x00000000d6000000, 0x00000000daa00000, 0x0000000100000000)
  eden space 65536K, 0% used [0x00000000d6000000,0x00000000d6000000,0x00000000da000000)
  from space 5120K, 99% used [0x00000000da000000,0x00000000da4fc0f0,0x00000000da500000)
  to   space 5120K, 0% used [0x00000000da500000,0x00000000da500000,0x00000000daa00000)
 ParOldGen       total 86016K, used 11917K [0x0000000082000000, 0x0000000087400000, 0x00000000d6000000)
  object space 86016K, 13% used [0x0000000082000000,0x0000000082ba36c0,0x0000000087400000)
 Metaspace       used 20855K, capacity 21244K, committed 21296K, reserved 1069056K
  class space    used 2467K, capacity 2592K, committed 2608K, reserved 1048576K
Event: 1.167 GC heap after
Heap after GC invocations=4 (full 1):
 PSYoungGen      total 70656K, used 0K [0x00000000d6000000, 0x00000000daa00000, 0x0000000100000000)
  eden space 65536K, 0% used [0x00000000d6000000,0x00000000d6000000,0x00000000da000000)
  from space 5120K, 0% used [0x00000000da000000,0x00000000da000000,0x00000000da500000)
  to   space 5120K, 0% used [0x00000000da500000,0x00000000da500000,0x00000000daa00000)
 ParOldGen       total 66560K, used 9433K [0x0000000082000000, 0x0000000086100000, 0x00000000d6000000)
  object space 66560K, 14% used [0x0000000082000000,0x00000000829364a8,0x0000000086100000)
 Metaspace       used 20855K, capacity 21244K, committed 21296K, reserved 1069056K
  class space    used 2467K, capacity 2592K, committed 2608K, reserved 1048576K
}

