# JRE version: OpenJDK Runtime Environment (8.0_242-b01) (build 1.8.0_242-release-1644-b01)
# Java VM: OpenJDK 64-Bit Server VM (25.242-b01 mixed mode windows-amd64 compressed oops)
Heap:
 PSYoungGen      total 455168K, used 28071K [0x00000000d5580000, 0x00000000f6e00000, 0x0000000100000000)
  eden space 413184K, 0% used [0x00000000d5580000,0x00000000d5580000,0x00000000ee900000)
  from space 41984K, 66% used [0x00000000f4500000,0x00000000f6069dc0,0x00000000f6e00000)
  to   space 39424K, 0% used [0x00000000ee900000,0x00000000ee900000,0x00000000f0f80000)
 ParOldGen       total 156672K, used 53691K [0x0000000080000000, 0x0000000089900000, 0x00000000d5580000)
  object space 156672K, 34% used [0x0000000080000000,0x000000008346eeb8,0x0000000089900000)
 Metaspace       used 106107K, capacity 110132K, committed 112152K, reserved 1150976K
  class space    used 13354K, capacity 14164K, committed 14640K, reserved 1048576K
GC Heap History (10 events):
Event: 4342.120 GC heap after
Heap after GC invocations=32 (full 4):
 PSYoungGen      total 398336K, used 16189K [0x00000000d5580000, 0x00000000eff80000, 0x0000000100000000)
  eden space 360960K, 0% used [0x00000000d5580000,0x00000000d5580000,0x00000000eb600000)
  from space 37376K, 43% used [0x00000000ed900000,0x00000000ee8cf490,0x00000000efd80000)
  to   space 35840K, 0% used [0x00000000eb600000,0x00000000eb600000,0x00000000ed900000)
 ParOldGen       total 156672K, used 47664K [0x0000000080000000, 0x0000000089900000, 0x00000000d5580000)
  object space 156672K, 30% used [0x0000000080000000,0x0000000082e8c1e8,0x0000000089900000)
 Metaspace       used 93692K, capacity 97100K, committed 100248K, reserved 1136640K
  class space    used 11936K, capacity 12622K, committed 13232K, reserved 1048576K
}
Event: 4344.706 GC heap before
{Heap before GC invocations=33 (full 4):
 PSYoungGen      total 398336K, used 377149K [0x00000000d5580000, 0x00000000eff80000, 0x0000000100000000)
  eden space 360960K, 100% used [0x00000000d5580000,0x00000000eb600000,0x00000000eb600000)
  from space 37376K, 43% used [0x00000000ed900000,0x00000000ee8cf490,0x00000000efd80000)
  to   space 35840K, 0% used [0x00000000eb600000,0x00000000eb600000,0x00000000ed900000)
 ParOldGen       total 156672K, used 47664K [0x0000000080000000, 0x0000000089900000, 0x00000000d5580000)
  object space 156672K, 30% used [0x0000000080000000,0x0000000082e8c1e8,0x0000000089900000)
 Metaspace       used 94663K, capacity 98142K, committed 101144K, reserved 1136640K
  class space    used 12047K, capacity 12735K, committed 13360K, reserved 1048576K
Event: 4344.725 GC heap after
Heap after GC invocations=33 (full 4):
 PSYoungGen      total 396800K, used 32463K [0x00000000d5580000, 0x00000000f3d80000, 0x0000000100000000)
  eden space 360960K, 0% used [0x00000000d5580000,0x00000000d5580000,0x00000000eb600000)
  from space 35840K, 90% used [0x00000000eb600000,0x00000000ed5b3cf0,0x00000000ed900000)
  to   space 39936K, 0% used [0x00000000f1680000,0x00000000f1680000,0x00000000f3d80000)
 ParOldGen       total 156672K, used 50720K [0x0000000080000000, 0x0000000089900000, 0x00000000d5580000)
  object space 156672K, 32% used [0x0000000080000000,0x0000000083188288,0x0000000089900000)
 Metaspace       used 94663K, capacity 98142K, committed 101144K, reserved 1136640K
  class space    used 12047K, capacity 12735K, committed 13360K, reserved 1048576K
}
Event: 4348.120 GC heap before
{Heap before GC invocations=34 (full 4):
 PSYoungGen      total 396800K, used 393423K [0x00000000d5580000, 0x00000000f3d80000, 0x0000000100000000)
  eden space 360960K, 100% used [0x00000000d5580000,0x00000000eb600000,0x00000000eb600000)
  from space 35840K, 90% used [0x00000000eb600000,0x00000000ed5b3cf0,0x00000000ed900000)
  to   space 39936K, 0% used [0x00000000f1680000,0x00000000f1680000,0x00000000f3d80000)
 ParOldGen       total 156672K, used 50720K [0x0000000080000000, 0x0000000089900000, 0x00000000d5580000)
  object space 156672K, 32% used [0x0000000080000000,0x0000000083188288,0x0000000089900000)
 Metaspace       used 95510K, capacity 99038K, committed 101656K, reserved 1138688K
  class space    used 12132K, capacity 12819K, committed 13360K, reserved 1048576K
Event: 4348.129 GC heap after
Heap after GC invocations=34 (full 4):
 PSYoungGen      total 445440K, used 6392K [0x00000000d5580000, 0x00000000f3600000, 0x0000000100000000)
  eden space 413184K, 0% used [0x00000000d5580000,0x00000000d5580000,0x00000000ee900000)
  from space 32256K, 19% used [0x00000000f1680000,0x00000000f1cbe358,0x00000000f3600000)
  to   space 39424K, 0% used [0x00000000ee900000,0x00000000ee900000,0x00000000f0f80000)
 ParOldGen       total 156672K, used 50816K [0x0000000080000000, 0x0000000089900000, 0x00000000d5580000)
  object space 156672K, 32% used [0x0000000080000000,0x00000000831a02a8,0x0000000089900000)
 Metaspace       used 95510K, capacity 99038K, committed 101656K, reserved 1138688K
  class space    used 12132K, capacity 12819K, committed 13360K, reserved 1048576K
}
Event: 4360.359 GC heap before
{Heap before GC invocations=35 (full 4):
 PSYoungGen      total 445440K, used 419576K [0x00000000d5580000, 0x00000000f3600000, 0x0000000100000000)
  eden space 413184K, 100% used [0x00000000d5580000,0x00000000ee900000,0x00000000ee900000)
  from space 32256K, 19% used [0x00000000f1680000,0x00000000f1cbe358,0x00000000f3600000)
  to   space 39424K, 0% used [0x00000000ee900000,0x00000000ee900000,0x00000000f0f80000)
 ParOldGen       total 156672K, used 50816K [0x0000000080000000, 0x0000000089900000, 0x00000000d5580000)
  object space 156672K, 32% used [0x0000000080000000,0x00000000831a02a8,0x0000000089900000)
 Metaspace       used 104366K, capacity 108268K, committed 110360K, reserved 1144832K
  class space    used 13138K, capacity 13944K, committed 14384K, reserved 1048576K
Event: 4360.389 GC heap after
Heap after GC invocations=35 (full 4):
 PSYoungGen      total 452608K, used 28730K [0x00000000d5580000, 0x00000000f6e00000, 0x0000000100000000)
  eden space 413184K, 0% used [0x00000000d5580000,0x00000000d5580000,0x00000000ee900000)
  from space 39424K, 72% used [0x00000000ee900000,0x00000000f050e9b0,0x00000000f0f80000)
  to   space 41984K, 0% used [0x00000000f4500000,0x00000000f4500000,0x00000000f6e00000)
 ParOldGen       total 156672K, used 53683K [0x0000000080000000, 0x0000000089900000, 0x00000000d5580000)
  object space 156672K, 34% used [0x0000000080000000,0x000000008346ceb8,0x0000000089900000)
 Metaspace       used 104366K, capacity 108268K, committed 110360K, reserved 1144832K
  class space    used 13138K, capacity 13944K, committed 14384K, reserved 1048576K
}
Event: 4360.714 GC heap before
{Heap before GC invocations=36 (full 4):
 PSYoungGen      total 452608K, used 88401K [0x00000000d5580000, 0x00000000f6e00000, 0x0000000100000000)
  eden space 413184K, 14% used [0x00000000d5580000,0x00000000d8fc5b68,0x00000000ee900000)
  from space 39424K, 72% used [0x00000000ee900000,0x00000000f050e9b0,0x00000000f0f80000)
  to   space 41984K, 0% used [0x00000000f4500000,0x00000000f4500000,0x00000000f6e00000)
 ParOldGen       total 156672K, used 53683K [0x0000000080000000, 0x0000000089900000, 0x00000000d5580000)
  object space 156672K, 34% used [0x0000000080000000,0x000000008346ceb8,0x0000000089900000)
 Metaspace       used 106107K, capacity 110132K, committed 112152K, reserved 1150976K
  class space    used 13354K, capacity 14164K, committed 14640K, reserved 1048576K
Event: 4360.745 GC heap after
Heap after GC invocations=36 (full 4):
 PSYoungGen      total 455168K, used 28071K [0x00000000d5580000, 0x00000000f6e00000, 0x0000000100000000)
  eden space 413184K, 0% used [0x00000000d5580000,0x00000000d5580000,0x00000000ee900000)
  from space 41984K, 66% used [0x00000000f4500000,0x00000000f6069dc0,0x00000000f6e00000)
  to   space 39424K, 0% used [0x00000000ee900000,0x00000000ee900000,0x00000000f0f80000)
 ParOldGen       total 156672K, used 53691K [0x0000000080000000, 0x0000000089900000, 0x00000000d5580000)
  object space 156672K, 34% used [0x0000000080000000,0x000000008346eeb8,0x0000000089900000)
 Metaspace       used 106107K, capacity 110132K, committed 112152K, reserved 1150976K
  class space    used 13354K, capacity 14164K, committed 14640K, reserved 1048576K
}
Event: 4360.745 GC heap before
{Heap before GC invocations=37 (full 5):
 PSYoungGen      total 455168K, used 28071K [0x00000000d5580000, 0x00000000f6e00000, 0x0000000100000000)
  eden space 413184K, 0% used [0x00000000d5580000,0x00000000d5580000,0x00000000ee900000)
  from space 41984K, 66% used [0x00000000f4500000,0x00000000f6069dc0,0x00000000f6e00000)
  to   space 39424K, 0% used [0x00000000ee900000,0x00000000ee900000,0x00000000f0f80000)
 ParOldGen       total 156672K, used 53691K [0x0000000080000000, 0x0000000089900000, 0x00000000d5580000)
  object space 156672K, 34% used [0x0000000080000000,0x000000008346eeb8,0x0000000089900000)
 Metaspace       used 106107K, capacity 110132K, committed 112152K, reserved 1150976K
  class space    used 13354K, capacity 14164K, committed 14640K, reserved 1048576K

